<?xml version="1.0" encoding="UTF-8"?>
<!-- Generated by org.testng.reporters.JUnitReportReporter -->
<testsuite hostname="TYSS-Mohan-Kumar-M" failures="0" tests="1" name="yourloga.scripts.Automation_TC_03" time="14.312" errors="0" timestamp="2023-07-25T19:25:02 IST" skipped="0">
  <testcase classname="yourloga.scripts.Automation_TC_03" name="Account" time="14.312"/>
  <system-out/>
</testsuite> <!-- yourloga.scripts.Automation_TC_03 -->
